<?xml version="1.0" encoding="UTF-8"?>
<testng-results ignored="0" total="3" passed="3" failed="0" skipped="0">
  <reporter-output>
  </reporter-output>
  <suite started-at="2022-03-23T22:19:23 IST" name="Default suite" finished-at="2022-03-23T22:20:21 IST" duration-ms="57739">
    <groups>
    </groups>
    <test started-at="2022-03-23T22:19:23 IST" name="Default test" finished-at="2022-03-23T22:20:21 IST" duration-ms="57739">
      <class name="com.simplilearn.Project2.WebTest">
        <test-method signature="register()[pri:1, instance:com.simplilearn.Project2.WebTest@18d87d80]" started-at="2022-03-23T22:19:23 IST" name="register" finished-at="2022-03-23T22:19:36 IST" duration-ms="12687" status="PASS">
          <reporter-output>
          </reporter-output>
        </test-method> <!-- register -->
        <test-method signature="login()[pri:2, instance:com.simplilearn.Project2.WebTest@18d87d80]" started-at="2022-03-23T22:19:36 IST" name="login" finished-at="2022-03-23T22:19:54 IST" duration-ms="17596" status="PASS">
          <reporter-output>
          </reporter-output>
        </test-method> <!-- login -->
        <test-method signature="addToCart()[pri:3, instance:com.simplilearn.Project2.WebTest@18d87d80]" started-at="2022-03-23T22:19:54 IST" name="addToCart" finished-at="2022-03-23T22:20:21 IST" duration-ms="27427" status="PASS">
          <reporter-output>
          </reporter-output>
        </test-method> <!-- addToCart -->
      </class> <!-- com.simplilearn.Project2.WebTest -->
    </test> <!-- Default test -->
  </suite> <!-- Default suite -->
</testng-results>
