<?xml version="1.0" encoding="UTF-8"?>
<testng-results ignored="0" total="3" passed="3" failed="0" skipped="0">
  <reporter-output>
  </reporter-output>
  <suite started-at="2022-03-23T22:25:12 IST" name="com.simplilearn.Project2.WebTest" finished-at="2022-03-23T22:25:30 IST" duration-ms="18013">
    <groups>
    </groups>
    <test started-at="2022-03-23T22:25:12 IST" name="Command line test" finished-at="2022-03-23T22:25:30 IST" duration-ms="18013">
      <class name="com.simplilearn.Project2.WebTest">
        <test-method signature="register()[pri:1, instance:com.simplilearn.Project2.WebTest@411f53a0]" started-at="2022-03-23T22:25:12 IST" name="register" finished-at="2022-03-23T22:25:19 IST" duration-ms="7181" status="PASS">
          <reporter-output>
          </reporter-output>
        </test-method> <!-- register -->
        <test-method signature="login()[pri:2, instance:com.simplilearn.Project2.WebTest@411f53a0]" started-at="2022-03-23T22:25:19 IST" name="login" finished-at="2022-03-23T22:25:24 IST" duration-ms="5412" status="PASS">
          <reporter-output>
          </reporter-output>
        </test-method> <!-- login -->
        <test-method signature="addToCart()[pri:3, instance:com.simplilearn.Project2.WebTest@411f53a0]" started-at="2022-03-23T22:25:24 IST" name="addToCart" finished-at="2022-03-23T22:25:30 IST" duration-ms="5394" status="PASS">
          <reporter-output>
          </reporter-output>
        </test-method> <!-- addToCart -->
      </class> <!-- com.simplilearn.Project2.WebTest -->
    </test> <!-- Command line test -->
  </suite> <!-- com.simplilearn.Project2.WebTest -->
</testng-results>
