<?xml version="1.0" encoding="UTF-8"?>
<!-- Generated by org.testng.reporters.JUnitXMLReporter -->
<testsuite ignored="0" hostname="LAPTOP-HJIGUCQE" failures="0" tests="3" name="Command line test" time="18.013" errors="0" timestamp="2022-03-23T22:25:30 IST">
  <testcase classname="com.simplilearn.Project2.WebTest" name="register" time="7.181"/>
  <testcase classname="com.simplilearn.Project2.WebTest" name="login" time="5.412"/>
  <testcase classname="com.simplilearn.Project2.WebTest" name="addToCart" time="5.394"/>
</testsuite> <!-- Command line test -->
