<?xml version="1.0" encoding="UTF-8"?>
<testng-results ignored="0" total="2" passed="2" failed="0" skipped="0">
  <reporter-output>
  </reporter-output>
  <suite started-at="2022-03-21T14:20:19 IST" name="com.simplilearn.SeleJenk.FacebookTest" finished-at="2022-03-21T14:20:23 IST" duration-ms="4136">
    <groups>
    </groups>
    <test started-at="2022-03-21T14:20:19 IST" name="Command line test" finished-at="2022-03-21T14:20:23 IST" duration-ms="4136">
      <class name="com.simplilearn.SeleJenk.FacebookTest">
        <test-method is-config="true" signature="beforeMethod()[pri:0, instance:com.simplilearn.SeleJenk.FacebookTest@4afcd809]" started-at="2022-03-21T14:20:19 IST" name="beforeMethod" finished-at="2022-03-21T14:20:19 IST" duration-ms="9" status="PASS">
          <reporter-output>
          </reporter-output>
        </test-method> <!-- beforeMethod -->
        <test-method signature="launchFB()[pri:0, instance:com.simplilearn.SeleJenk.FacebookTest@4afcd809]" started-at="2022-03-21T14:20:19 IST" name="launchFB" finished-at="2022-03-21T14:20:23 IST" duration-ms="4070" status="PASS">
          <reporter-output>
          </reporter-output>
        </test-method> <!-- launchFB -->
        <test-method is-config="true" signature="afterMethod()[pri:0, instance:com.simplilearn.SeleJenk.FacebookTest@4afcd809]" started-at="2022-03-21T14:20:23 IST" name="afterMethod" finished-at="2022-03-21T14:20:23 IST" duration-ms="1" status="PASS">
          <reporter-output>
          </reporter-output>
        </test-method> <!-- afterMethod -->
        <test-method signature="testTitle()[pri:0, instance:com.simplilearn.SeleJenk.FacebookTest@4afcd809]" started-at="2022-03-21T14:20:23 IST" name="testTitle" finished-at="2022-03-21T14:20:23 IST" depends-on-methods="com.simplilearn.SeleJenk.FacebookTest.launchFB" duration-ms="12" status="PASS">
          <reporter-output>
          </reporter-output>
        </test-method> <!-- testTitle -->
        <test-method is-config="true" signature="beforeMethod()[pri:0, instance:com.simplilearn.SeleJenk.FacebookTest@4afcd809]" started-at="2022-03-21T14:20:23 IST" name="beforeMethod" finished-at="2022-03-21T14:20:23 IST" duration-ms="0" status="PASS">
          <reporter-output>
          </reporter-output>
        </test-method> <!-- beforeMethod -->
        <test-method is-config="true" signature="afterMethod()[pri:0, instance:com.simplilearn.SeleJenk.FacebookTest@4afcd809]" started-at="2022-03-21T14:20:23 IST" name="afterMethod" finished-at="2022-03-21T14:20:23 IST" duration-ms="0" status="PASS">
          <reporter-output>
          </reporter-output>
        </test-method> <!-- afterMethod -->
      </class> <!-- com.simplilearn.SeleJenk.FacebookTest -->
    </test> <!-- Command line test -->
  </suite> <!-- com.simplilearn.SeleJenk.FacebookTest -->
</testng-results>
