<?xml version="1.0" encoding="UTF-8"?>
<!-- Generated by org.testng.reporters.JUnitXMLReporter -->
<testsuite ignored="0" hostname="LAPTOP-HJIGUCQE" failures="0" tests="3" name="Default test" time="57.739" errors="0" timestamp="2022-03-23T22:20:21 IST">
  <testcase classname="com.simplilearn.Project2.WebTest" name="register" time="12.687"/>
  <testcase classname="com.simplilearn.Project2.WebTest" name="login" time="17.596"/>
  <testcase classname="com.simplilearn.Project2.WebTest" name="addToCart" time="27.427"/>
</testsuite> <!-- Default test -->
