<?xml version="1.0" encoding="UTF-8"?>
<testng-results ignored="0" total="2" passed="2" failed="0" skipped="0">
  <reporter-output>
  </reporter-output>
  <suite started-at="2022-03-21T14:19:17 IST" name="Default suite" finished-at="2022-03-21T14:19:22 IST" duration-ms="5729">
    <groups>
    </groups>
    <test started-at="2022-03-21T14:19:17 IST" name="Default test" finished-at="2022-03-21T14:19:22 IST" duration-ms="5729">
      <class name="com.simplilearn.SeleJenk.FacebookTest">
        <test-method is-config="true" signature="beforeMethod()[pri:0, instance:com.simplilearn.SeleJenk.FacebookTest@6fd83fc1]" started-at="2022-03-21T14:19:17 IST" name="beforeMethod" finished-at="2022-03-21T14:19:17 IST" duration-ms="12" status="PASS">
          <reporter-output>
          </reporter-output>
        </test-method> <!-- beforeMethod -->
        <test-method signature="launchFB()[pri:0, instance:com.simplilearn.SeleJenk.FacebookTest@6fd83fc1]" started-at="2022-03-21T14:19:17 IST" name="launchFB" finished-at="2022-03-21T14:19:22 IST" duration-ms="5637" status="PASS">
          <reporter-output>
          </reporter-output>
        </test-method> <!-- launchFB -->
        <test-method is-config="true" signature="afterMethod()[pri:0, instance:com.simplilearn.SeleJenk.FacebookTest@6fd83fc1]" started-at="2022-03-21T14:19:22 IST" name="afterMethod" finished-at="2022-03-21T14:19:22 IST" duration-ms="0" status="PASS">
          <reporter-output>
          </reporter-output>
        </test-method> <!-- afterMethod -->
        <test-method signature="testTitle()[pri:0, instance:com.simplilearn.SeleJenk.FacebookTest@6fd83fc1]" started-at="2022-03-21T14:19:22 IST" name="testTitle" finished-at="2022-03-21T14:19:22 IST" depends-on-methods="com.simplilearn.SeleJenk.FacebookTest.launchFB" duration-ms="21" status="PASS">
          <reporter-output>
          </reporter-output>
        </test-method> <!-- testTitle -->
        <test-method is-config="true" signature="beforeMethod()[pri:0, instance:com.simplilearn.SeleJenk.FacebookTest@6fd83fc1]" started-at="2022-03-21T14:19:22 IST" name="beforeMethod" finished-at="2022-03-21T14:19:22 IST" duration-ms="0" status="PASS">
          <reporter-output>
          </reporter-output>
        </test-method> <!-- beforeMethod -->
        <test-method is-config="true" signature="afterMethod()[pri:0, instance:com.simplilearn.SeleJenk.FacebookTest@6fd83fc1]" started-at="2022-03-21T14:19:22 IST" name="afterMethod" finished-at="2022-03-21T14:19:22 IST" duration-ms="0" status="PASS">
          <reporter-output>
          </reporter-output>
        </test-method> <!-- afterMethod -->
      </class> <!-- com.simplilearn.SeleJenk.FacebookTest -->
    </test> <!-- Default test -->
  </suite> <!-- Default suite -->
</testng-results>
